Using pre-set license
Built from '2021.1/staging' branch; Version is '2021.1.7f1 (d91830b65d9b) revision 14227504'; Using compiler version '192528614'; Build Type 'Release'
OS: 'Windows 10 Pro; OS build 19044.1766; Version 2009; 64bit' Language: 'de' Physical Memory: 32699 MB
BatchMode: 1, IsHumanControllingUs: 0, StartBugReporterOnCrash: 0, Is64bit: 1, IsPro: 0

 COMMAND LINE ARGUMENTS:
E:\UnityStuff\2021.1.7f1\Editor\Unity.exe
-adb2
-batchMode
-noUpm
-name
AssetImportWorker0
-projectPath
G:/bachelorthesisdemo/New Unity Project
-logFile
Logs/AssetImportWorker0.log
-srvPort
59951
Successfully changed project path to: G:/bachelorthesisdemo/New Unity Project
G:/bachelorthesisdemo/New Unity Project
Using Asset Import Pipeline V2.
Refreshing native plugins compatible for Editor in 82.02 ms, found 1 plugins.
Preloading 0 native plugins for Editor in 0.00 ms.
Initialize engine version: 2021.1.7f1 (d91830b65d9b)
[Subsystems] Discovering subsystems at path E:/UnityStuff/2021.1.7f1/Editor/Data/Resources/UnitySubsystems
[Subsystems] Discovering subsystems at path G:/bachelorthesisdemo/New Unity Project/Assets
GfxDevice: creating device client; threaded=0; jobified=0
Direct3D:
    Version:  Direct3D 11.0 [level 11.1]
    Renderer: AMD Radeon RX 5700 XT (ID=0x731f)
    Vendor:   ATI
    VRAM:     8151 MB
    Driver:   30.0.15021.7000
Initialize mono
Mono path[0] = 'E:/UnityStuff/2021.1.7f1/Editor/Data/Managed'
Mono path[1] = 'E:/UnityStuff/2021.1.7f1/Editor/Data/MonoBleedingEdge/lib/mono/unityjit'
Mono config path = 'E:/UnityStuff/2021.1.7f1/Editor/Data/MonoBleedingEdge/etc'
Using monoOptions --debugger-agent=transport=dt_socket,embedding=1,server=y,suspend=n,address=127.0.0.1:56368
Begin MonoManager ReloadAssembly
Registering precompiled unity dll's ...
Register platform support module: E:/UnityStuff/2021.1.7f1/Editor/Data/PlaybackEngines/WebGLSupport/UnityEditor.WebGL.Extensions.dll
Register platform support module: E:/UnityStuff/2021.1.7f1/Editor/Data/PlaybackEngines/MacStandaloneSupport/UnityEditor.OSXStandalone.Extensions.dll
Register platform support module: E:/UnityStuff/2021.1.7f1/Editor/Data/PlaybackEngines/WindowsStandaloneSupport/UnityEditor.WindowsStandalone.Extensions.dll
Register platform support module: E:/UnityStuff/2021.1.7f1/Editor/Data/PlaybackEngines/LinuxStandaloneSupport/UnityEditor.LinuxStandalone.Extensions.dll
Register platform support module: E:/UnityStuff/2021.1.7f1/Editor/Data/PlaybackEngines/LuminSupport/UnityEditor.Lumin.Extensions.dll
Registered in 0.005805 seconds.
Native extension for Lumin target not found
Native extension for LinuxStandalone target not found
Native extension for WindowsStandalone target not found
Native extension for OSXStandalone target not found
Native extension for WebGL target not found
Refreshing native plugins compatible for Editor in 80.10 ms, found 1 plugins.
Preloading 0 native plugins for Editor in 0.00 ms.
Mono: successfully reloaded assembly
- Completed reload, in  2.285 seconds
Platform modules already initialized, skipping
Registering precompiled user dll's ...
Registered in 0.001873 seconds.
Begin MonoManager ReloadAssembly
Symbol file LoadedFromMemory doesn't match image G:\bachelorthesisdemo\New Unity Project\Library\PackageCache\com.unity.visualscripting@1.6.1\Editor\VisualScripting.Core\Dependencies\YamlDotNet\Unity.VisualScripting.YamlDotNet.dll
Symbol file LoadedFromMemory doesn't match image G:\bachelorthesisdemo\New Unity Project\Library\PackageCache\com.unity.visualscripting@1.6.1\Editor\VisualScripting.Core\Dependencies\DotNetZip\Unity.VisualScripting.IonicZip.dll
Native extension for Lumin target not found
Native extension for LinuxStandalone target not found
Native extension for WindowsStandalone target not found
Native extension for OSXStandalone target not found
Native extension for WebGL target not found
Refreshing native plugins compatible for Editor in 0.93 ms, found 1 plugins.
Preloading 0 native plugins for Editor in 0.00 ms.
Mono: successfully reloaded assembly
- Completed reload, in  0.975 seconds
Platform modules already initialized, skipping
========================================================================
Worker process is ready to serve import requests
Launched and connected shader compiler UnityShaderCompiler.exe after 0.04 seconds
Refreshing native plugins compatible for Editor in 1.28 ms, found 1 plugins.
Preloading 0 native plugins for Editor in 0.00 ms.
Unloading 2698 Unused Serialized files (Serialized files now loaded: 0)
System memory in use before: 99.8 MB.
System memory in use after: 100.0 MB.

Unloading 13 unused Assets to reduce memory usage. Loaded Objects now: 3160.
Total: 2.459200 ms (FindLiveObjects: 0.280700 ms CreateObjectMapping: 0.068700 ms MarkObjects: 2.005100 ms  DeleteObjects: 0.102900 ms)

========================================================================
Received Import Request.
  path: Assets/Scripts/QuestManager.cs
  artifactKey: Guid(c0fb735db1b6a6c44b39df7211a82e4f) Importer(815301076,1909f56bfc062723c751e8b465ee728b)
Start importing Assets/Scripts/QuestManager.cs using Guid(c0fb735db1b6a6c44b39df7211a82e4f) Importer(815301076,1909f56bfc062723c751e8b465ee728b)  -> (artifact id: 'b89751a5e9ae09029f54d2c70bf04f3b') in 0.083209 seconds 
========================================================================
Received Prepare
Registering precompiled user dll's ...
Registered in 0.002347 seconds.
Begin MonoManager ReloadAssembly
Symbol file LoadedFromMemory doesn't match image G:\bachelorthesisdemo\New Unity Project\Library\PackageCache\com.unity.visualscripting@1.6.1\Editor\VisualScripting.Core\Dependencies\YamlDotNet\Unity.VisualScripting.YamlDotNet.dll
Symbol file LoadedFromMemory doesn't match image G:\bachelorthesisdemo\New Unity Project\Library\PackageCache\com.unity.visualscripting@1.6.1\Editor\VisualScripting.Core\Dependencies\DotNetZip\Unity.VisualScripting.IonicZip.dll
Native extension for Lumin target not found
Native extension for LinuxStandalone target not found
Native extension for WindowsStandalone target not found
Native extension for OSXStandalone target not found
Native extension for WebGL target not found
Refreshing native plugins compatible for Editor in 0.67 ms, found 1 plugins.
Preloading 0 native plugins for Editor in 0.00 ms.
Mono: successfully reloaded assembly
- Completed reload, in  0.920 seconds
Platform modules already initialized, skipping
Refreshing native plugins compatible for Editor in 0.84 ms, found 1 plugins.
Preloading 0 native plugins for Editor in 0.00 ms.
Unloading 2692 Unused Serialized files (Serialized files now loaded: 0)
System memory in use before: 99.7 MB.
System memory in use after: 99.9 MB.

Unloading 8 unused Assets to reduce memory usage. Loaded Objects now: 3163.
Total: 2.276000 ms (FindLiveObjects: 0.394600 ms CreateObjectMapping: 0.097700 ms MarkObjects: 1.763600 ms  DeleteObjects: 0.018500 ms)

========================================================================
Received Prepare
Registering precompiled user dll's ...
Registered in 0.022284 seconds.
Begin MonoManager ReloadAssembly
Symbol file LoadedFromMemory doesn't match image G:\bachelorthesisdemo\New Unity Project\Library\PackageCache\com.unity.visualscripting@1.6.1\Editor\VisualScripting.Core\Dependencies\YamlDotNet\Unity.VisualScripting.YamlDotNet.dll
Symbol file LoadedFromMemory doesn't match image G:\bachelorthesisdemo\New Unity Project\Library\PackageCache\com.unity.visualscripting@1.6.1\Editor\VisualScripting.Core\Dependencies\DotNetZip\Unity.VisualScripting.IonicZip.dll
Native extension for Lumin target not found
Native extension for LinuxStandalone target not found
Native extension for WindowsStandalone target not found
Native extension for OSXStandalone target not found
Native extension for WebGL target not found
Refreshing native plugins compatible for Editor in 0.75 ms, found 1 plugins.
Preloading 0 native plugins for Editor in 0.00 ms.
Mono: successfully reloaded assembly
- Completed reload, in  1.343 seconds
Platform modules already initialized, skipping
Refreshing native plugins compatible for Editor in 0.73 ms, found 1 plugins.
Preloading 0 native plugins for Editor in 0.00 ms.
Unloading 2692 Unused Serialized files (Serialized files now loaded: 0)
System memory in use before: 99.7 MB.
System memory in use after: 99.9 MB.

Unloading 8 unused Assets to reduce memory usage. Loaded Objects now: 3166.
Total: 2.819300 ms (FindLiveObjects: 0.450700 ms CreateObjectMapping: 0.224200 ms MarkObjects: 2.117700 ms  DeleteObjects: 0.024600 ms)

========================================================================
Received Import Request.
  Time since last request: 4370.154746 seconds.
  path: Assets/Scripts/QuestManager.cs
  artifactKey: Guid(c0fb735db1b6a6c44b39df7211a82e4f) Importer(815301076,1909f56bfc062723c751e8b465ee728b)
Start importing Assets/Scripts/QuestManager.cs using Guid(c0fb735db1b6a6c44b39df7211a82e4f) Importer(815301076,1909f56bfc062723c751e8b465ee728b)  -> (artifact id: 'dc8cc2389b988bd4bef84b31bd43fbd1') in 0.010531 seconds 
========================================================================
Received Prepare
Registering precompiled user dll's ...
Registered in 0.001872 seconds.
Begin MonoManager ReloadAssembly
Symbol file LoadedFromMemory doesn't match image G:\bachelorthesisdemo\New Unity Project\Library\PackageCache\com.unity.visualscripting@1.6.1\Editor\VisualScripting.Core\Dependencies\YamlDotNet\Unity.VisualScripting.YamlDotNet.dll
Symbol file LoadedFromMemory doesn't match image G:\bachelorthesisdemo\New Unity Project\Library\PackageCache\com.unity.visualscripting@1.6.1\Editor\VisualScripting.Core\Dependencies\DotNetZip\Unity.VisualScripting.IonicZip.dll
Native extension for Lumin target not found
Native extension for LinuxStandalone target not found
Native extension for WindowsStandalone target not found
Native extension for OSXStandalone target not found
Native extension for WebGL target not found
Refreshing native plugins compatible for Editor in 0.64 ms, found 1 plugins.
Preloading 0 native plugins for Editor in 0.00 ms.
Mono: successfully reloaded assembly
- Completed reload, in  0.950 seconds
Platform modules already initialized, skipping
Refreshing native plugins compatible for Editor in 0.83 ms, found 1 plugins.
Preloading 0 native plugins for Editor in 0.00 ms.
Unloading 2692 Unused Serialized files (Serialized files now loaded: 0)
System memory in use before: 99.8 MB.
System memory in use after: 100.0 MB.

Unloading 8 unused Assets to reduce memory usage. Loaded Objects now: 3169.
Total: 2.484600 ms (FindLiveObjects: 0.313900 ms CreateObjectMapping: 0.070200 ms MarkObjects: 2.073700 ms  DeleteObjects: 0.025000 ms)

========================================================================
Received Import Request.
  Time since last request: 41.124998 seconds.
  path: Assets/Scripts/QuestManager.cs
  artifactKey: Guid(c0fb735db1b6a6c44b39df7211a82e4f) Importer(815301076,1909f56bfc062723c751e8b465ee728b)
Start importing Assets/Scripts/QuestManager.cs using Guid(c0fb735db1b6a6c44b39df7211a82e4f) Importer(815301076,1909f56bfc062723c751e8b465ee728b)  -> (artifact id: 'a1bb5d3f975e08911b0587b30647f62b') in 0.006701 seconds 
========================================================================
Received Import Request.
  Time since last request: 23.175296 seconds.
  path: Assets/Prefabs/CollectItemStep (herb).prefab
  artifactKey: Guid(bafa1fdff5fa1ba48b23b10af6344af6) Importer(815301076,1909f56bfc062723c751e8b465ee728b)
Start importing Assets/Prefabs/CollectItemStep (herb).prefab using Guid(bafa1fdff5fa1ba48b23b10af6344af6) Importer(815301076,1909f56bfc062723c751e8b465ee728b)  -> (artifact id: '8d9a57470309ca6494740a52938b540e') in 0.113449 seconds 
========================================================================
Received Import Request.
  Time since last request: 0.000155 seconds.
  path: Assets/Prefabs/TakeItemStep.prefab
  artifactKey: Guid(27036505cce3f294e812c31e7380c869) Importer(815301076,1909f56bfc062723c751e8b465ee728b)
Start importing Assets/Prefabs/TakeItemStep.prefab using Guid(27036505cce3f294e812c31e7380c869) Importer(815301076,1909f56bfc062723c751e8b465ee728b)  -> (artifact id: '27b3e2cdcc57484e5dd17a4edc1f7e33') in 0.015576 seconds 
========================================================================
Received Import Request.
  Time since last request: 0.000222 seconds.
  path: Assets/Prefabs/KillEnemyStep (hard).prefab
  artifactKey: Guid(395d6d1f36cfa38478e13dd5500b7033) Importer(815301076,1909f56bfc062723c751e8b465ee728b)
Start importing Assets/Prefabs/KillEnemyStep (hard).prefab using Guid(395d6d1f36cfa38478e13dd5500b7033) Importer(815301076,1909f56bfc062723c751e8b465ee728b)  -> (artifact id: '9bac5ee105e4351bad6965d6aec3b442') in 0.072165 seconds 
========================================================================
Received Import Request.
  Time since last request: 0.000142 seconds.
  path: Assets/Prefabs/GiveItemStep.prefab
  artifactKey: Guid(98f3d47dbcd96fa4bbddcd82b9b1d54f) Importer(815301076,1909f56bfc062723c751e8b465ee728b)
Start importing Assets/Prefabs/GiveItemStep.prefab using Guid(98f3d47dbcd96fa4bbddcd82b9b1d54f) Importer(815301076,1909f56bfc062723c751e8b465ee728b)  -> (artifact id: '560fb0bc25ec0b963dcbc77c9a6a7eae') in 0.012908 seconds 
========================================================================
Received Import Request.
  Time since last request: 0.000189 seconds.
  path: Assets/Prefabs/initStep (find).prefab
  artifactKey: Guid(46309e2295ea0354a881bafe9084c8b2) Importer(815301076,1909f56bfc062723c751e8b465ee728b)
Start importing Assets/Prefabs/initStep (find).prefab using Guid(46309e2295ea0354a881bafe9084c8b2) Importer(815301076,1909f56bfc062723c751e8b465ee728b)  -> (artifact id: '8d097a14504abcba548ac93b523402f5') in 0.020422 seconds 
========================================================================
Received Import Request.
  Time since last request: 0.000193 seconds.
  path: Assets/Prefabs/MakeDecisionStep.prefab
  artifactKey: Guid(ebb1126e751c90b4a9c69148b682ff98) Importer(815301076,1909f56bfc062723c751e8b465ee728b)
Start importing Assets/Prefabs/MakeDecisionStep.prefab using Guid(ebb1126e751c90b4a9c69148b682ff98) Importer(815301076,1909f56bfc062723c751e8b465ee728b)  -> (artifact id: '85f7a09d02a9dcccb512bd26d378740c') in 0.011903 seconds 
========================================================================
Received Import Request.
  Time since last request: 0.000286 seconds.
  path: Assets/Prefabs/CollectItemStep (wood).prefab
  artifactKey: Guid(68b47078195888243998dc05f48d72a9) Importer(815301076,1909f56bfc062723c751e8b465ee728b)
Start importing Assets/Prefabs/CollectItemStep (wood).prefab using Guid(68b47078195888243998dc05f48d72a9) Importer(815301076,1909f56bfc062723c751e8b465ee728b)  -> (artifact id: 'd2a38696bfa0d14cfa394965093abbdd') in 0.016864 seconds 
========================================================================
Received Import Request.
  Time since last request: 0.000241 seconds.
  path: Assets/Prefabs/KillEnemyStep (normal).prefab
  artifactKey: Guid(f9988e260baa01c44b219908dd73688e) Importer(815301076,1909f56bfc062723c751e8b465ee728b)
Start importing Assets/Prefabs/KillEnemyStep (normal).prefab using Guid(f9988e260baa01c44b219908dd73688e) Importer(815301076,1909f56bfc062723c751e8b465ee728b)  -> (artifact id: '3f1bd18d664df14e29501abda19a5bc6') in 0.022594 seconds 
========================================================================
Received Import Request.
  Time since last request: 0.000223 seconds.
  path: Assets/Prefabs/PerformMagicStep (barrel).prefab
  artifactKey: Guid(68857a4f669c4b64899e626d5ac90d99) Importer(815301076,1909f56bfc062723c751e8b465ee728b)
Start importing Assets/Prefabs/PerformMagicStep (barrel).prefab using Guid(68857a4f669c4b64899e626d5ac90d99) Importer(815301076,1909f56bfc062723c751e8b465ee728b)  -> (artifact id: 'c17dfa2f8a90329833b5b96cdef3e824') in 0.016118 seconds 
========================================================================
Received Import Request.
  Time since last request: 0.000198 seconds.
  path: Assets/Prefabs/PerformMagicStep (wheelbarrow).prefab
  artifactKey: Guid(5a1fe50fa3aad0b4f960a81497ae9c6b) Importer(815301076,1909f56bfc062723c751e8b465ee728b)
Start importing Assets/Prefabs/PerformMagicStep (wheelbarrow).prefab using Guid(5a1fe50fa3aad0b4f960a81497ae9c6b) Importer(815301076,1909f56bfc062723c751e8b465ee728b)  -> (artifact id: '0aea49511b81a43b9d5477dfb4914c83') in 0.016362 seconds 
========================================================================
Received Import Request.
  Time since last request: 0.000188 seconds.
  path: Assets/Prefabs/marker.prefab
  artifactKey: Guid(4a48b73e6e87e1b40b97b2c2809ec7fb) Importer(815301076,1909f56bfc062723c751e8b465ee728b)
Start importing Assets/Prefabs/marker.prefab using Guid(4a48b73e6e87e1b40b97b2c2809ec7fb) Importer(815301076,1909f56bfc062723c751e8b465ee728b)  -> (artifact id: '71383f62d2565aa10331e747dad8a080') in 0.012504 seconds 
========================================================================
Received Import Request.
  Time since last request: 0.000150 seconds.
  path: Assets/Prefabs/KillEnemyStep (human).prefab
  artifactKey: Guid(df460d3b56cc2b547948edbd17fe780d) Importer(815301076,1909f56bfc062723c751e8b465ee728b)
Start importing Assets/Prefabs/KillEnemyStep (human).prefab using Guid(df460d3b56cc2b547948edbd17fe780d) Importer(815301076,1909f56bfc062723c751e8b465ee728b)  -> (artifact id: '48ddd4e52a78a4ecd11ace20674f6538') in 0.072367 seconds 
========================================================================
Received Import Request.
  Time since last request: 0.000163 seconds.
  path: Assets/Prefabs/SolveProblemStep.prefab
  artifactKey: Guid(a8787aced3fb46e478c2bd8de626178b) Importer(815301076,1909f56bfc062723c751e8b465ee728b)
Start importing Assets/Prefabs/SolveProblemStep.prefab using Guid(a8787aced3fb46e478c2bd8de626178b) Importer(815301076,1909f56bfc062723c751e8b465ee728b)  -> (artifact id: 'f3b6e8651ecd6b0f50f9e86d8d8ae6bc') in 0.038055 seconds 
========================================================================
Received Import Request.
  Time since last request: 0.000185 seconds.
  path: Assets/Prefabs/initStep (talk).prefab
  artifactKey: Guid(82bca3540a847e2488f7ddb9f57cf266) Importer(815301076,1909f56bfc062723c751e8b465ee728b)
Start importing Assets/Prefabs/initStep (talk).prefab using Guid(82bca3540a847e2488f7ddb9f57cf266) Importer(815301076,1909f56bfc062723c751e8b465ee728b)  -> (artifact id: 'e95ff9219fc34f1f92c345170b2f3cb7') in 0.011387 seconds 
========================================================================
Received Import Request.
  Time since last request: 3.031897 seconds.
  path: Assets/Prefabs/CollectItemStep (herb).prefab
  artifactKey: Guid(bafa1fdff5fa1ba48b23b10af6344af6) Importer(815301076,1909f56bfc062723c751e8b465ee728b)
Start importing Assets/Prefabs/CollectItemStep (herb).prefab using Guid(bafa1fdff5fa1ba48b23b10af6344af6) Importer(815301076,1909f56bfc062723c751e8b465ee728b)  -> (artifact id: '6582367d1c6d0edd8d0ab3c03a7151b5') in 0.012671 seconds 
========================================================================
Received Import Request.
  Time since last request: 0.000229 seconds.
  path: Assets/Prefabs/TakeItemStep.prefab
  artifactKey: Guid(27036505cce3f294e812c31e7380c869) Importer(815301076,1909f56bfc062723c751e8b465ee728b)
Start importing Assets/Prefabs/TakeItemStep.prefab using Guid(27036505cce3f294e812c31e7380c869) Importer(815301076,1909f56bfc062723c751e8b465ee728b)  -> (artifact id: '2cc86cd68a759a6952c7f603fa870d4c') in 0.011043 seconds 
========================================================================
Received Import Request.
  Time since last request: 0.000207 seconds.
  path: Assets/Prefabs/KillEnemyStep (hard).prefab
  artifactKey: Guid(395d6d1f36cfa38478e13dd5500b7033) Importer(815301076,1909f56bfc062723c751e8b465ee728b)
Start importing Assets/Prefabs/KillEnemyStep (hard).prefab using Guid(395d6d1f36cfa38478e13dd5500b7033) Importer(815301076,1909f56bfc062723c751e8b465ee728b)  -> (artifact id: 'b7061f0b2822d80f285445c13959f482') in 0.161068 seconds 
========================================================================
Received Import Request.
  Time since last request: 0.000177 seconds.
  path: Assets/Prefabs/GiveItemStep.prefab
  artifactKey: Guid(98f3d47dbcd96fa4bbddcd82b9b1d54f) Importer(815301076,1909f56bfc062723c751e8b465ee728b)
Start importing Assets/Prefabs/GiveItemStep.prefab using Guid(98f3d47dbcd96fa4bbddcd82b9b1d54f) Importer(815301076,1909f56bfc062723c751e8b465ee728b)  -> (artifact id: 'de9657f16f1e7edb9cca454f95994acd') in 0.009973 seconds 
========================================================================
Received Import Request.
  Time since last request: 0.000277 seconds.
  path: Assets/Prefabs/initStep (find).prefab
  artifactKey: Guid(46309e2295ea0354a881bafe9084c8b2) Importer(815301076,1909f56bfc062723c751e8b465ee728b)
Start importing Assets/Prefabs/initStep (find).prefab using Guid(46309e2295ea0354a881bafe9084c8b2) Importer(815301076,1909f56bfc062723c751e8b465ee728b)  -> (artifact id: '8104ef71390504fb0f16e14a276270e8') in 0.018016 seconds 
========================================================================
Received Import Request.
  Time since last request: 0.000252 seconds.
  path: Assets/Prefabs/MakeDecisionStep.prefab
  artifactKey: Guid(ebb1126e751c90b4a9c69148b682ff98) Importer(815301076,1909f56bfc062723c751e8b465ee728b)
Start importing Assets/Prefabs/MakeDecisionStep.prefab using Guid(ebb1126e751c90b4a9c69148b682ff98) Importer(815301076,1909f56bfc062723c751e8b465ee728b)  -> (artifact id: 'f511b45b3c4a571257707a7b094949f3') in 0.010216 seconds 
========================================================================
Received Import Request.
  Time since last request: 0.000567 seconds.
  path: Assets/Prefabs/CollectItemStep (wood).prefab
  artifactKey: Guid(68b47078195888243998dc05f48d72a9) Importer(815301076,1909f56bfc062723c751e8b465ee728b)
Start importing Assets/Prefabs/CollectItemStep (wood).prefab using Guid(68b47078195888243998dc05f48d72a9) Importer(815301076,1909f56bfc062723c751e8b465ee728b)  -> (artifact id: 'a739c6c757866176ff7c085e6f25613f') in 0.014161 seconds 
========================================================================
Received Import Request.
  Time since last request: 0.000200 seconds.
  path: Assets/Prefabs/KillEnemyStep (normal).prefab
  artifactKey: Guid(f9988e260baa01c44b219908dd73688e) Importer(815301076,1909f56bfc062723c751e8b465ee728b)
Start importing Assets/Prefabs/KillEnemyStep (normal).prefab using Guid(f9988e260baa01c44b219908dd73688e) Importer(815301076,1909f56bfc062723c751e8b465ee728b)  -> (artifact id: '42d6d156ca74c44717ca92272e0c8e2f') in 0.021750 seconds 
========================================================================
Received Import Request.
  Time since last request: 0.000225 seconds.
  path: Assets/Prefabs/PerformMagicStep (barrel).prefab
  artifactKey: Guid(68857a4f669c4b64899e626d5ac90d99) Importer(815301076,1909f56bfc062723c751e8b465ee728b)
Start importing Assets/Prefabs/PerformMagicStep (barrel).prefab using Guid(68857a4f669c4b64899e626d5ac90d99) Importer(815301076,1909f56bfc062723c751e8b465ee728b)  -> (artifact id: '1f11ae44d2c5241d35eb725ebafc5e57') in 0.012711 seconds 
========================================================================
Received Import Request.
  Time since last request: 0.000264 seconds.
  path: Assets/Prefabs/PerformMagicStep (wheelbarrow).prefab
  artifactKey: Guid(5a1fe50fa3aad0b4f960a81497ae9c6b) Importer(815301076,1909f56bfc062723c751e8b465ee728b)
Start importing Assets/Prefabs/PerformMagicStep (wheelbarrow).prefab using Guid(5a1fe50fa3aad0b4f960a81497ae9c6b) Importer(815301076,1909f56bfc062723c751e8b465ee728b)  -> (artifact id: '84543df75c92912572ae02ebe982fe85') in 0.014416 seconds 
========================================================================
Received Import Request.
  Time since last request: 0.000367 seconds.
  path: Assets/Prefabs/marker.prefab
  artifactKey: Guid(4a48b73e6e87e1b40b97b2c2809ec7fb) Importer(815301076,1909f56bfc062723c751e8b465ee728b)
Start importing Assets/Prefabs/marker.prefab using Guid(4a48b73e6e87e1b40b97b2c2809ec7fb) Importer(815301076,1909f56bfc062723c751e8b465ee728b)  -> (artifact id: '76ac801166b98eb7dccd0de69a5c8868') in 0.008029 seconds 
========================================================================
Received Import Request.
  Time since last request: 0.000277 seconds.
  path: Assets/Prefabs/KillEnemyStep (human).prefab
  artifactKey: Guid(df460d3b56cc2b547948edbd17fe780d) Importer(815301076,1909f56bfc062723c751e8b465ee728b)
Start importing Assets/Prefabs/KillEnemyStep (human).prefab using Guid(df460d3b56cc2b547948edbd17fe780d) Importer(815301076,1909f56bfc062723c751e8b465ee728b)  -> (artifact id: 'a8f23b7c997d4ecb90ec4aa837e8f962') in 0.039848 seconds 
========================================================================
Received Import Request.
  Time since last request: 0.000198 seconds.
  path: Assets/Prefabs/SolveProblemStep.prefab
  artifactKey: Guid(a8787aced3fb46e478c2bd8de626178b) Importer(815301076,1909f56bfc062723c751e8b465ee728b)
Start importing Assets/Prefabs/SolveProblemStep.prefab using Guid(a8787aced3fb46e478c2bd8de626178b) Importer(815301076,1909f56bfc062723c751e8b465ee728b)  -> (artifact id: '77b271848553b60b6d3a5734dbe616b7') in 0.012603 seconds 
========================================================================
Received Import Request.
  Time since last request: 0.000220 seconds.
  path: Assets/Prefabs/initStep (talk).prefab
  artifactKey: Guid(82bca3540a847e2488f7ddb9f57cf266) Importer(815301076,1909f56bfc062723c751e8b465ee728b)
Start importing Assets/Prefabs/initStep (talk).prefab using Guid(82bca3540a847e2488f7ddb9f57cf266) Importer(815301076,1909f56bfc062723c751e8b465ee728b)  -> (artifact id: 'ccc6cdc6d1dbab3929e81fd08aa3a08b') in 0.008740 seconds 
========================================================================
Received Import Request.
  Time since last request: 60.538083 seconds.
  path: Assets/Prefabs/CollectItemStep (herb).prefab
  artifactKey: Guid(bafa1fdff5fa1ba48b23b10af6344af6) Importer(815301076,1909f56bfc062723c751e8b465ee728b)
Start importing Assets/Prefabs/CollectItemStep (herb).prefab using Guid(bafa1fdff5fa1ba48b23b10af6344af6) Importer(815301076,1909f56bfc062723c751e8b465ee728b)  -> (artifact id: 'b85ba0562fd18ee6179b42b89db43415') in 0.009477 seconds 
========================================================================
Received Import Request.
  Time since last request: 0.000232 seconds.
  path: Assets/Prefabs/TakeItemStep.prefab
  artifactKey: Guid(27036505cce3f294e812c31e7380c869) Importer(815301076,1909f56bfc062723c751e8b465ee728b)
Start importing Assets/Prefabs/TakeItemStep.prefab using Guid(27036505cce3f294e812c31e7380c869) Importer(815301076,1909f56bfc062723c751e8b465ee728b)  -> (artifact id: '51547e87e57027b6f20aaec3b23fa841') in 0.008949 seconds 
========================================================================
Received Import Request.
  Time since last request: 0.000203 seconds.
  path: Assets/Prefabs/KillEnemyStep (hard).prefab
  artifactKey: Guid(395d6d1f36cfa38478e13dd5500b7033) Importer(815301076,1909f56bfc062723c751e8b465ee728b)
Start importing Assets/Prefabs/KillEnemyStep (hard).prefab using Guid(395d6d1f36cfa38478e13dd5500b7033) Importer(815301076,1909f56bfc062723c751e8b465ee728b)  -> (artifact id: 'f530c71e597ff11035ccd1b4174a80c0') in 0.024705 seconds 
========================================================================
Received Import Request.
  Time since last request: 0.000215 seconds.
  path: Assets/Prefabs/GiveItemStep.prefab
  artifactKey: Guid(98f3d47dbcd96fa4bbddcd82b9b1d54f) Importer(815301076,1909f56bfc062723c751e8b465ee728b)
Start importing Assets/Prefabs/GiveItemStep.prefab using Guid(98f3d47dbcd96fa4bbddcd82b9b1d54f) Importer(815301076,1909f56bfc062723c751e8b465ee728b)  -> (artifact id: '03db3e51ac86106d3afffe7f26985ea4') in 0.007943 seconds 
========================================================================
Received Import Request.
  Time since last request: 0.000207 seconds.
  path: Assets/Prefabs/initStep (find).prefab
  artifactKey: Guid(46309e2295ea0354a881bafe9084c8b2) Importer(815301076,1909f56bfc062723c751e8b465ee728b)
Start importing Assets/Prefabs/initStep (find).prefab using Guid(46309e2295ea0354a881bafe9084c8b2) Importer(815301076,1909f56bfc062723c751e8b465ee728b)  -> (artifact id: '5e2d5df0be67b619e942540f9ede2f06') in 0.009738 seconds 
========================================================================
Received Import Request.
  Time since last request: 0.000213 seconds.
  path: Assets/Prefabs/MakeDecisionStep.prefab
  artifactKey: Guid(ebb1126e751c90b4a9c69148b682ff98) Importer(815301076,1909f56bfc062723c751e8b465ee728b)
Start importing Assets/Prefabs/MakeDecisionStep.prefab using Guid(ebb1126e751c90b4a9c69148b682ff98) Importer(815301076,1909f56bfc062723c751e8b465ee728b)  -> (artifact id: 'd84545aa8d42a56a54cdd937d51753b3') in 0.008766 seconds 
========================================================================
Received Import Request.
  Time since last request: 0.000174 seconds.
  path: Assets/Prefabs/CollectItemStep (wood).prefab
  artifactKey: Guid(68b47078195888243998dc05f48d72a9) Importer(815301076,1909f56bfc062723c751e8b465ee728b)
Start importing Assets/Prefabs/CollectItemStep (wood).prefab using Guid(68b47078195888243998dc05f48d72a9) Importer(815301076,1909f56bfc062723c751e8b465ee728b)  -> (artifact id: '7883213c9c5e4c6c356b9585f866c7a1') in 0.011647 seconds 
========================================================================
Received Import Request.
  Time since last request: 0.000220 seconds.
  path: Assets/Prefabs/KillEnemyStep (normal).prefab
  artifactKey: Guid(f9988e260baa01c44b219908dd73688e) Importer(815301076,1909f56bfc062723c751e8b465ee728b)
Start importing Assets/Prefabs/KillEnemyStep (normal).prefab using Guid(f9988e260baa01c44b219908dd73688e) Importer(815301076,1909f56bfc062723c751e8b465ee728b)  -> (artifact id: '0282bbd3b37625d3272719a96bc7705a') in 0.017258 seconds 
========================================================================
Received Import Request.
  Time since last request: 0.000184 seconds.
  path: Assets/Prefabs/PerformMagicStep (barrel).prefab
  artifactKey: Guid(68857a4f669c4b64899e626d5ac90d99) Importer(815301076,1909f56bfc062723c751e8b465ee728b)
Start importing Assets/Prefabs/PerformMagicStep (barrel).prefab using Guid(68857a4f669c4b64899e626d5ac90d99) Importer(815301076,1909f56bfc062723c751e8b465ee728b)  -> (artifact id: 'ab672520ee0213411988819dd8c68e86') in 0.008355 seconds 
========================================================================
Received Import Request.
  Time since last request: 0.000194 seconds.
  path: Assets/Prefabs/PerformMagicStep (wheelbarrow).prefab
  artifactKey: Guid(5a1fe50fa3aad0b4f960a81497ae9c6b) Importer(815301076,1909f56bfc062723c751e8b465ee728b)
Start importing Assets/Prefabs/PerformMagicStep (wheelbarrow).prefab using Guid(5a1fe50fa3aad0b4f960a81497ae9c6b) Importer(815301076,1909f56bfc062723c751e8b465ee728b)  -> (artifact id: '987a75cbc18ebe25c8e3fc5cb2d98d65') in 0.008588 seconds 
========================================================================
Received Import Request.
  Time since last request: 0.000178 seconds.
  path: Assets/Prefabs/marker.prefab
  artifactKey: Guid(4a48b73e6e87e1b40b97b2c2809ec7fb) Importer(815301076,1909f56bfc062723c751e8b465ee728b)
Start importing Assets/Prefabs/marker.prefab using Guid(4a48b73e6e87e1b40b97b2c2809ec7fb) Importer(815301076,1909f56bfc062723c751e8b465ee728b)  -> (artifact id: '0194b0f8c6c8a086523798f28d8572b3') in 0.008018 seconds 
========================================================================
Received Import Request.
  Time since last request: 0.000184 seconds.
  path: Assets/Prefabs/KillEnemyStep (human).prefab
  artifactKey: Guid(df460d3b56cc2b547948edbd17fe780d) Importer(815301076,1909f56bfc062723c751e8b465ee728b)
Start importing Assets/Prefabs/KillEnemyStep (human).prefab using Guid(df460d3b56cc2b547948edbd17fe780d) Importer(815301076,1909f56bfc062723c751e8b465ee728b)  -> (artifact id: '1d4a601bbc90b1d1b5574ad2a9b0c7e2') in 0.033885 seconds 
========================================================================
Received Import Request.
  Time since last request: 0.000210 seconds.
  path: Assets/Prefabs/SolveProblemStep.prefab
  artifactKey: Guid(a8787aced3fb46e478c2bd8de626178b) Importer(815301076,1909f56bfc062723c751e8b465ee728b)
Start importing Assets/Prefabs/SolveProblemStep.prefab using Guid(a8787aced3fb46e478c2bd8de626178b) Importer(815301076,1909f56bfc062723c751e8b465ee728b)  -> (artifact id: '2be4226d77f5d8aad0df3349b73f8297') in 0.008580 seconds 
========================================================================
Received Import Request.
  Time since last request: 0.000194 seconds.
  path: Assets/Prefabs/initStep (talk).prefab
  artifactKey: Guid(82bca3540a847e2488f7ddb9f57cf266) Importer(815301076,1909f56bfc062723c751e8b465ee728b)
Start importing Assets/Prefabs/initStep (talk).prefab using Guid(82bca3540a847e2488f7ddb9f57cf266) Importer(815301076,1909f56bfc062723c751e8b465ee728b)  -> (artifact id: 'cca8b25d876a403132c1931925f4283f') in 0.008745 seconds 
========================================================================
Received Import Request.
  Time since last request: 3.728319 seconds.
  path: Assets/Prefabs/CollectItemStep (herb).prefab
  artifactKey: Guid(bafa1fdff5fa1ba48b23b10af6344af6) Importer(815301076,1909f56bfc062723c751e8b465ee728b)
Start importing Assets/Prefabs/CollectItemStep (herb).prefab using Guid(bafa1fdff5fa1ba48b23b10af6344af6) Importer(815301076,1909f56bfc062723c751e8b465ee728b)  -> (artifact id: '474d99e1db52ac15bef5e9ff4f7a3604') in 0.010171 seconds 
========================================================================
Received Import Request.
  Time since last request: 0.000203 seconds.
  path: Assets/Prefabs/TakeItemStep.prefab
  artifactKey: Guid(27036505cce3f294e812c31e7380c869) Importer(815301076,1909f56bfc062723c751e8b465ee728b)
Start importing Assets/Prefabs/TakeItemStep.prefab using Guid(27036505cce3f294e812c31e7380c869) Importer(815301076,1909f56bfc062723c751e8b465ee728b)  -> (artifact id: '5d0e235eb46ba67ac5f6c0a8a542011d') in 0.008994 seconds 
========================================================================
Received Import Request.
  Time since last request: 0.000229 seconds.
  path: Assets/Prefabs/KillEnemyStep (hard).prefab
  artifactKey: Guid(395d6d1f36cfa38478e13dd5500b7033) Importer(815301076,1909f56bfc062723c751e8b465ee728b)
Start importing Assets/Prefabs/KillEnemyStep (hard).prefab using Guid(395d6d1f36cfa38478e13dd5500b7033) Importer(815301076,1909f56bfc062723c751e8b465ee728b)  -> (artifact id: '99ced6d15445a7d67bfcb17af3e9947b') in 0.021564 seconds 
========================================================================
Received Import Request.
  Time since last request: 0.000169 seconds.
  path: Assets/Prefabs/GiveItemStep.prefab
  artifactKey: Guid(98f3d47dbcd96fa4bbddcd82b9b1d54f) Importer(815301076,1909f56bfc062723c751e8b465ee728b)
Start importing Assets/Prefabs/GiveItemStep.prefab using Guid(98f3d47dbcd96fa4bbddcd82b9b1d54f) Importer(815301076,1909f56bfc062723c751e8b465ee728b)  -> (artifact id: '476495bd57cafc9595469ccf790beaaf') in 0.008006 seconds 
========================================================================
Received Import Request.
  Time since last request: 0.000245 seconds.
  path: Assets/Prefabs/initStep (find).prefab
  artifactKey: Guid(46309e2295ea0354a881bafe9084c8b2) Importer(815301076,1909f56bfc062723c751e8b465ee728b)
Start importing Assets/Prefabs/initStep (find).prefab using Guid(46309e2295ea0354a881bafe9084c8b2) Importer(815301076,1909f56bfc062723c751e8b465ee728b)  -> (artifact id: 'a4a99cd54a28f40c5dcbd0700b272584') in 0.009688 seconds 
========================================================================
Received Import Request.
  Time since last request: 0.000215 seconds.
  path: Assets/Prefabs/MakeDecisionStep.prefab
  artifactKey: Guid(ebb1126e751c90b4a9c69148b682ff98) Importer(815301076,1909f56bfc062723c751e8b465ee728b)
Start importing Assets/Prefabs/MakeDecisionStep.prefab using Guid(ebb1126e751c90b4a9c69148b682ff98) Importer(815301076,1909f56bfc062723c751e8b465ee728b)  -> (artifact id: '6180ebf6fd14ca53e9e1772c8fe0b9c1') in 0.007772 seconds 
========================================================================
Received Import Request.
  Time since last request: 0.000175 seconds.
  path: Assets/Prefabs/CollectItemStep (wood).prefab
  artifactKey: Guid(68b47078195888243998dc05f48d72a9) Importer(815301076,1909f56bfc062723c751e8b465ee728b)
Start importing Assets/Prefabs/CollectItemStep (wood).prefab using Guid(68b47078195888243998dc05f48d72a9) Importer(815301076,1909f56bfc062723c751e8b465ee728b)  -> (artifact id: '8a7599f2c62110b73077c673dc883813') in 0.007962 seconds 
========================================================================
Received Import Request.
  Time since last request: 0.000192 seconds.
  path: Assets/Prefabs/KillEnemyStep (normal).prefab
  artifactKey: Guid(f9988e260baa01c44b219908dd73688e) Importer(815301076,1909f56bfc062723c751e8b465ee728b)
Start importing Assets/Prefabs/KillEnemyStep (normal).prefab using Guid(f9988e260baa01c44b219908dd73688e) Importer(815301076,1909f56bfc062723c751e8b465ee728b)  -> (artifact id: '114ec91494d52af209d440fc429e3c82') in 0.015135 seconds 
========================================================================
Received Import Request.
  Time since last request: 0.000202 seconds.
  path: Assets/Prefabs/PerformMagicStep (barrel).prefab
  artifactKey: Guid(68857a4f669c4b64899e626d5ac90d99) Importer(815301076,1909f56bfc062723c751e8b465ee728b)
Start importing Assets/Prefabs/PerformMagicStep (barrel).prefab using Guid(68857a4f669c4b64899e626d5ac90d99) Importer(815301076,1909f56bfc062723c751e8b465ee728b)  -> (artifact id: 'b5a8fe92ac0020a16f279ed566fd8858') in 0.008463 seconds 
========================================================================
Received Import Request.
  Time since last request: 0.000236 seconds.
  path: Assets/Prefabs/PerformMagicStep (wheelbarrow).prefab
  artifactKey: Guid(5a1fe50fa3aad0b4f960a81497ae9c6b) Importer(815301076,1909f56bfc062723c751e8b465ee728b)
Start importing Assets/Prefabs/PerformMagicStep (wheelbarrow).prefab using Guid(5a1fe50fa3aad0b4f960a81497ae9c6b) Importer(815301076,1909f56bfc062723c751e8b465ee728b)  -> (artifact id: '1e24407174586af6c79f91ca48fc932e') in 0.008433 seconds 
========================================================================
Received Import Request.
  Time since last request: 0.000184 seconds.
  path: Assets/Prefabs/marker.prefab
  artifactKey: Guid(4a48b73e6e87e1b40b97b2c2809ec7fb) Importer(815301076,1909f56bfc062723c751e8b465ee728b)
Start importing Assets/Prefabs/marker.prefab using Guid(4a48b73e6e87e1b40b97b2c2809ec7fb) Importer(815301076,1909f56bfc062723c751e8b465ee728b)  -> (artifact id: '3cc6f594cbb3a2d06f6e03c5559e4c08') in 0.007051 seconds 
========================================================================
Received Import Request.
  Time since last request: 0.000179 seconds.
  path: Assets/Prefabs/KillEnemyStep (human).prefab
  artifactKey: Guid(df460d3b56cc2b547948edbd17fe780d) Importer(815301076,1909f56bfc062723c751e8b465ee728b)
Start importing Assets/Prefabs/KillEnemyStep (human).prefab using Guid(df460d3b56cc2b547948edbd17fe780d) Importer(815301076,1909f56bfc062723c751e8b465ee728b)  -> (artifact id: '5adaf1165d10c587d1e10f2a74552df4') in 0.031013 seconds 
========================================================================
Received Import Request.
  Time since last request: 0.000172 seconds.
  path: Assets/Prefabs/SolveProblemStep.prefab
  artifactKey: Guid(a8787aced3fb46e478c2bd8de626178b) Importer(815301076,1909f56bfc062723c751e8b465ee728b)
Start importing Assets/Prefabs/SolveProblemStep.prefab using Guid(a8787aced3fb46e478c2bd8de626178b) Importer(815301076,1909f56bfc062723c751e8b465ee728b)  -> (artifact id: '02ed042857613814f3586f0d37beee84') in 0.007940 seconds 
========================================================================
Received Import Request.
  Time since last request: 0.000180 seconds.
  path: Assets/Prefabs/initStep (talk).prefab
  artifactKey: Guid(82bca3540a847e2488f7ddb9f57cf266) Importer(815301076,1909f56bfc062723c751e8b465ee728b)
Start importing Assets/Prefabs/initStep (talk).prefab using Guid(82bca3540a847e2488f7ddb9f57cf266) Importer(815301076,1909f56bfc062723c751e8b465ee728b)  -> (artifact id: '50dd6f6836d510e64de5e84715c49b73') in 0.007297 seconds 
========================================================================
Received Import Request.
  Time since last request: 37.732990 seconds.
  path: Assets/Prefabs/CollectItemStep (herb).prefab
  artifactKey: Guid(bafa1fdff5fa1ba48b23b10af6344af6) Importer(815301076,1909f56bfc062723c751e8b465ee728b)
Start importing Assets/Prefabs/CollectItemStep (herb).prefab using Guid(bafa1fdff5fa1ba48b23b10af6344af6) Importer(815301076,1909f56bfc062723c751e8b465ee728b)  -> (artifact id: '972411384c1e9b3ef2c6f478b3f1461a') in 0.009692 seconds 
========================================================================
Received Import Request.
  Time since last request: 0.000180 seconds.
  path: Assets/Prefabs/TakeItemStep.prefab
  artifactKey: Guid(27036505cce3f294e812c31e7380c869) Importer(815301076,1909f56bfc062723c751e8b465ee728b)
Start importing Assets/Prefabs/TakeItemStep.prefab using Guid(27036505cce3f294e812c31e7380c869) Importer(815301076,1909f56bfc062723c751e8b465ee728b)  -> (artifact id: '6bb05ad50e9df3067319400786c45a2f') in 0.007683 seconds 
========================================================================
Received Import Request.
  Time since last request: 0.000227 seconds.
  path: Assets/Prefabs/KillEnemyStep (hard).prefab
  artifactKey: Guid(395d6d1f36cfa38478e13dd5500b7033) Importer(815301076,1909f56bfc062723c751e8b465ee728b)
Start importing Assets/Prefabs/KillEnemyStep (hard).prefab using Guid(395d6d1f36cfa38478e13dd5500b7033) Importer(815301076,1909f56bfc062723c751e8b465ee728b)  -> (artifact id: '53147973b522c2a38f65d002bd27e172') in 0.020235 seconds 
========================================================================
Received Import Request.
  Time since last request: 0.000222 seconds.
  path: Assets/Prefabs/GiveItemStep.prefab
  artifactKey: Guid(98f3d47dbcd96fa4bbddcd82b9b1d54f) Importer(815301076,1909f56bfc062723c751e8b465ee728b)
Start importing Assets/Prefabs/GiveItemStep.prefab using Guid(98f3d47dbcd96fa4bbddcd82b9b1d54f) Importer(815301076,1909f56bfc062723c751e8b465ee728b)  -> (artifact id: '4128142095b4d617a8ce7f22178af55f') in 0.007542 seconds 
========================================================================
Received Import Request.
  Time since last request: 0.000198 seconds.
  path: Assets/Prefabs/initStep (find).prefab
  artifactKey: Guid(46309e2295ea0354a881bafe9084c8b2) Importer(815301076,1909f56bfc062723c751e8b465ee728b)
Start importing Assets/Prefabs/initStep (find).prefab using Guid(46309e2295ea0354a881bafe9084c8b2) Importer(815301076,1909f56bfc062723c751e8b465ee728b)  -> (artifact id: 'ebf75998c0bfebea435767ab8856727b') in 0.009387 seconds 
========================================================================
Received Import Request.
  Time since last request: 0.000148 seconds.
  path: Assets/Prefabs/MakeDecisionStep.prefab
  artifactKey: Guid(ebb1126e751c90b4a9c69148b682ff98) Importer(815301076,1909f56bfc062723c751e8b465ee728b)
Start importing Assets/Prefabs/MakeDecisionStep.prefab using Guid(ebb1126e751c90b4a9c69148b682ff98) Importer(815301076,1909f56bfc062723c751e8b465ee728b)  -> (artifact id: 'a529a5ffbfefcbbde985422c8db38d80') in 0.007343 seconds 
========================================================================
Received Import Request.
  Time since last request: 0.000167 seconds.
  path: Assets/Prefabs/CollectItemStep (wood).prefab
  artifactKey: Guid(68b47078195888243998dc05f48d72a9) Importer(815301076,1909f56bfc062723c751e8b465ee728b)
Start importing Assets/Prefabs/CollectItemStep (wood).prefab using Guid(68b47078195888243998dc05f48d72a9) Importer(815301076,1909f56bfc062723c751e8b465ee728b)  -> (artifact id: '1d60431b0a024ac32e03298a2eb9c8a1') in 0.009033 seconds 
========================================================================
Received Import Request.
  Time since last request: 0.000159 seconds.
  path: Assets/Prefabs/KillEnemyStep (normal).prefab
  artifactKey: Guid(f9988e260baa01c44b219908dd73688e) Importer(815301076,1909f56bfc062723c751e8b465ee728b)
Start importing Assets/Prefabs/KillEnemyStep (normal).prefab using Guid(f9988e260baa01c44b219908dd73688e) Importer(815301076,1909f56bfc062723c751e8b465ee728b)  -> (artifact id: 'f2acd82af695b46729378015823d5ed2') in 0.016227 seconds 
========================================================================
Received Import Request.
  Time since last request: 0.000234 seconds.
  path: Assets/Prefabs/PerformMagicStep (barrel).prefab
  artifactKey: Guid(68857a4f669c4b64899e626d5ac90d99) Importer(815301076,1909f56bfc062723c751e8b465ee728b)
Start importing Assets/Prefabs/PerformMagicStep (barrel).prefab using Guid(68857a4f669c4b64899e626d5ac90d99) Importer(815301076,1909f56bfc062723c751e8b465ee728b)  -> (artifact id: 'cbf9eb1d06880c6c44703580b80e2135') in 0.009218 seconds 
========================================================================
Received Import Request.
  Time since last request: 0.000219 seconds.
  path: Assets/Prefabs/PerformMagicStep (wheelbarrow).prefab
  artifactKey: Guid(5a1fe50fa3aad0b4f960a81497ae9c6b) Importer(815301076,1909f56bfc062723c751e8b465ee728b)
Start importing Assets/Prefabs/PerformMagicStep (wheelbarrow).prefab using Guid(5a1fe50fa3aad0b4f960a81497ae9c6b) Importer(815301076,1909f56bfc062723c751e8b465ee728b)  -> (artifact id: '51558b296145e9a2afe326b9bea45813') in 0.010615 seconds 
========================================================================
Received Import Request.
  Time since last request: 0.000251 seconds.
  path: Assets/Prefabs/marker.prefab
  artifactKey: Guid(4a48b73e6e87e1b40b97b2c2809ec7fb) Importer(815301076,1909f56bfc062723c751e8b465ee728b)
Start importing Assets/Prefabs/marker.prefab using Guid(4a48b73e6e87e1b40b97b2c2809ec7fb) Importer(815301076,1909f56bfc062723c751e8b465ee728b)  -> (artifact id: 'a67328b447f343006cd028ad66c9d15e') in 0.007672 seconds 
========================================================================
Received Import Request.
  Time since last request: 0.000209 seconds.
  path: Assets/Prefabs/KillEnemyStep (human).prefab
  artifactKey: Guid(df460d3b56cc2b547948edbd17fe780d) Importer(815301076,1909f56bfc062723c751e8b465ee728b)
Start importing Assets/Prefabs/KillEnemyStep (human).prefab using Guid(df460d3b56cc2b547948edbd17fe780d) Importer(815301076,1909f56bfc062723c751e8b465ee728b)  -> (artifact id: '76807bf9f2a0f2403703e6bc2809e5c0') in 0.033114 seconds 
========================================================================
Received Import Request.
  Time since last request: 0.000277 seconds.
  path: Assets/Prefabs/SolveProblemStep.prefab
  artifactKey: Guid(a8787aced3fb46e478c2bd8de626178b) Importer(815301076,1909f56bfc062723c751e8b465ee728b)
Start importing Assets/Prefabs/SolveProblemStep.prefab using Guid(a8787aced3fb46e478c2bd8de626178b) Importer(815301076,1909f56bfc062723c751e8b465ee728b)  -> (artifact id: '40e2adc65beb6b7b64096295555043ad') in 0.008496 seconds 
========================================================================
Received Import Request.
  Time since last request: 0.000180 seconds.
  path: Assets/Prefabs/initStep (talk).prefab
  artifactKey: Guid(82bca3540a847e2488f7ddb9f57cf266) Importer(815301076,1909f56bfc062723c751e8b465ee728b)
Start importing Assets/Prefabs/initStep (talk).prefab using Guid(82bca3540a847e2488f7ddb9f57cf266) Importer(815301076,1909f56bfc062723c751e8b465ee728b)  -> (artifact id: 'e1e45e1db047bee0a3e9a90c88f55cd2') in 0.008260 seconds 
========================================================================
Received Prepare
Registering precompiled user dll's ...
Registered in 0.002803 seconds.
Begin MonoManager ReloadAssembly
Symbol file LoadedFromMemory doesn't match image G:\bachelorthesisdemo\New Unity Project\Library\PackageCache\com.unity.visualscripting@1.6.1\Editor\VisualScripting.Core\Dependencies\YamlDotNet\Unity.VisualScripting.YamlDotNet.dll
Symbol file LoadedFromMemory doesn't match image G:\bachelorthesisdemo\New Unity Project\Library\PackageCache\com.unity.visualscripting@1.6.1\Editor\VisualScripting.Core\Dependencies\DotNetZip\Unity.VisualScripting.IonicZip.dll
Native extension for Lumin target not found
Native extension for LinuxStandalone target not found
Native extension for WindowsStandalone target not found
Native extension for OSXStandalone target not found
Native extension for WebGL target not found
Refreshing native plugins compatible for Editor in 0.94 ms, found 1 plugins.
Preloading 0 native plugins for Editor in 0.00 ms.
Mono: successfully reloaded assembly
- Completed reload, in  0.935 seconds
Platform modules already initialized, skipping
Refreshing native plugins compatible for Editor in 0.65 ms, found 1 plugins.
Preloading 0 native plugins for Editor in 0.00 ms.
Unloading 2692 Unused Serialized files (Serialized files now loaded: 0)
System memory in use before: 118.3 MB.
System memory in use after: 118.5 MB.

Unloading 11 unused Assets to reduce memory usage. Loaded Objects now: 3182.
Total: 2.207400 ms (FindLiveObjects: 0.290400 ms CreateObjectMapping: 0.250400 ms MarkObjects: 1.621000 ms  DeleteObjects: 0.044500 ms)

========================================================================
Received Import Request.
  Time since last request: 83.498264 seconds.
  path: Assets/Prefabs/CollectItemStep (herb).prefab
  artifactKey: Guid(bafa1fdff5fa1ba48b23b10af6344af6) Importer(815301076,1909f56bfc062723c751e8b465ee728b)
Start importing Assets/Prefabs/CollectItemStep (herb).prefab using Guid(bafa1fdff5fa1ba48b23b10af6344af6) Importer(815301076,1909f56bfc062723c751e8b465ee728b)  -> (artifact id: '1530c1b9a243fc842e39e044f1a92639') in 0.067444 seconds 
========================================================================
Received Import Request.
  Time since last request: 0.000131 seconds.
  path: Assets/Prefabs/TakeItemStep.prefab
  artifactKey: Guid(27036505cce3f294e812c31e7380c869) Importer(815301076,1909f56bfc062723c751e8b465ee728b)
Start importing Assets/Prefabs/TakeItemStep.prefab using Guid(27036505cce3f294e812c31e7380c869) Importer(815301076,1909f56bfc062723c751e8b465ee728b)  -> (artifact id: 'de635fe94c793c67ec244e616e75ff89') in 0.011656 seconds 
========================================================================
Received Import Request.
  Time since last request: 0.000233 seconds.
  path: Assets/Prefabs/KillEnemyStep (hard).prefab
  artifactKey: Guid(395d6d1f36cfa38478e13dd5500b7033) Importer(815301076,1909f56bfc062723c751e8b465ee728b)
Start importing Assets/Prefabs/KillEnemyStep (hard).prefab using Guid(395d6d1f36cfa38478e13dd5500b7033) Importer(815301076,1909f56bfc062723c751e8b465ee728b)  -> (artifact id: 'ed5b73cf2af17ee9ed25a61b60e288de') in 0.022469 seconds 
========================================================================
Received Import Request.
  Time since last request: 0.000238 seconds.
  path: Assets/Prefabs/GiveItemStep.prefab
  artifactKey: Guid(98f3d47dbcd96fa4bbddcd82b9b1d54f) Importer(815301076,1909f56bfc062723c751e8b465ee728b)
Start importing Assets/Prefabs/GiveItemStep.prefab using Guid(98f3d47dbcd96fa4bbddcd82b9b1d54f) Importer(815301076,1909f56bfc062723c751e8b465ee728b)  -> (artifact id: 'c3eac478e911a256ac3a4c1746e009f0') in 0.008570 seconds 
========================================================================
Received Import Request.
  Time since last request: 0.000193 seconds.
  path: Assets/Prefabs/initStep (find).prefab
  artifactKey: Guid(46309e2295ea0354a881bafe9084c8b2) Importer(815301076,1909f56bfc062723c751e8b465ee728b)
Start importing Assets/Prefabs/initStep (find).prefab using Guid(46309e2295ea0354a881bafe9084c8b2) Importer(815301076,1909f56bfc062723c751e8b465ee728b)  -> (artifact id: '912bc980115b221f9925852aacddc069') in 0.009274 seconds 
========================================================================
Received Import Request.
  Time since last request: 0.000180 seconds.
  path: Assets/Prefabs/MakeDecisionStep.prefab
  artifactKey: Guid(ebb1126e751c90b4a9c69148b682ff98) Importer(815301076,1909f56bfc062723c751e8b465ee728b)
Start importing Assets/Prefabs/MakeDecisionStep.prefab using Guid(ebb1126e751c90b4a9c69148b682ff98) Importer(815301076,1909f56bfc062723c751e8b465ee728b)  -> (artifact id: '9fdf02e9f86bf38cf8fee962c4c21434') in 0.008394 seconds 
========================================================================
Received Import Request.
  Time since last request: 0.000207 seconds.
  path: Assets/Prefabs/CollectItemStep (wood).prefab
  artifactKey: Guid(68b47078195888243998dc05f48d72a9) Importer(815301076,1909f56bfc062723c751e8b465ee728b)
Start importing Assets/Prefabs/CollectItemStep (wood).prefab using Guid(68b47078195888243998dc05f48d72a9) Importer(815301076,1909f56bfc062723c751e8b465ee728b)  -> (artifact id: 'd7c754d8bb7d0f31b044c08b86e151de') in 0.014636 seconds 
========================================================================
Received Import Request.
  Time since last request: 0.000178 seconds.
  path: Assets/Prefabs/KillEnemyStep (normal).prefab
  artifactKey: Guid(f9988e260baa01c44b219908dd73688e) Importer(815301076,1909f56bfc062723c751e8b465ee728b)
Start importing Assets/Prefabs/KillEnemyStep (normal).prefab using Guid(f9988e260baa01c44b219908dd73688e) Importer(815301076,1909f56bfc062723c751e8b465ee728b)  -> (artifact id: '45aeb6dedf72c75509c7a04efd5d935e') in 0.018194 seconds 
========================================================================
Received Import Request.
  Time since last request: 0.000156 seconds.
  path: Assets/Prefabs/PerformMagicStep (barrel).prefab
  artifactKey: Guid(68857a4f669c4b64899e626d5ac90d99) Importer(815301076,1909f56bfc062723c751e8b465ee728b)
Start importing Assets/Prefabs/PerformMagicStep (barrel).prefab using Guid(68857a4f669c4b64899e626d5ac90d99) Importer(815301076,1909f56bfc062723c751e8b465ee728b)  -> (artifact id: '540e3aebb6969d0532bb5e67f0605bd8') in 0.008952 seconds 
========================================================================
Received Import Request.
  Time since last request: 0.000217 seconds.
  path: Assets/Prefabs/PerformMagicStep (wheelbarrow).prefab
  artifactKey: Guid(5a1fe50fa3aad0b4f960a81497ae9c6b) Importer(815301076,1909f56bfc062723c751e8b465ee728b)
Start importing Assets/Prefabs/PerformMagicStep (wheelbarrow).prefab using Guid(5a1fe50fa3aad0b4f960a81497ae9c6b) Importer(815301076,1909f56bfc062723c751e8b465ee728b)  -> (artifact id: '5de6ef2cbdf0eee0b431c6245d4d7cb6') in 0.008956 seconds 
========================================================================
Received Import Request.
  Time since last request: 0.000183 seconds.
  path: Assets/Prefabs/marker.prefab
  artifactKey: Guid(4a48b73e6e87e1b40b97b2c2809ec7fb) Importer(815301076,1909f56bfc062723c751e8b465ee728b)
Start importing Assets/Prefabs/marker.prefab using Guid(4a48b73e6e87e1b40b97b2c2809ec7fb) Importer(815301076,1909f56bfc062723c751e8b465ee728b)  -> (artifact id: 'fda58609d407564060f9e3af1eb2e53a') in 0.009206 seconds 
========================================================================
Received Import Request.
  Time since last request: 0.000179 seconds.
  path: Assets/Prefabs/KillEnemyStep (human).prefab
  artifactKey: Guid(df460d3b56cc2b547948edbd17fe780d) Importer(815301076,1909f56bfc062723c751e8b465ee728b)
Start importing Assets/Prefabs/KillEnemyStep (human).prefab using Guid(df460d3b56cc2b547948edbd17fe780d) Importer(815301076,1909f56bfc062723c751e8b465ee728b)  -> (artifact id: '85c7b197a90d5940a95fd5f7eefe6d50') in 0.036727 seconds 
========================================================================
Received Import Request.
  Time since last request: 0.000196 seconds.
  path: Assets/Prefabs/SolveProblemStep.prefab
  artifactKey: Guid(a8787aced3fb46e478c2bd8de626178b) Importer(815301076,1909f56bfc062723c751e8b465ee728b)
Start importing Assets/Prefabs/SolveProblemStep.prefab using Guid(a8787aced3fb46e478c2bd8de626178b) Importer(815301076,1909f56bfc062723c751e8b465ee728b)  -> (artifact id: '7220966fac1e9f01ac2185470137eabd') in 0.010174 seconds 
========================================================================
Received Import Request.
  Time since last request: 0.000194 seconds.
  path: Assets/Prefabs/initStep (talk).prefab
  artifactKey: Guid(82bca3540a847e2488f7ddb9f57cf266) Importer(815301076,1909f56bfc062723c751e8b465ee728b)
Start importing Assets/Prefabs/initStep (talk).prefab using Guid(82bca3540a847e2488f7ddb9f57cf266) Importer(815301076,1909f56bfc062723c751e8b465ee728b)  -> (artifact id: '523c633ba7f4ae701d4af5e56e2eb204') in 0.008924 seconds 
========================================================================
Received Import Request.
  Time since last request: 5.785867 seconds.
  path: Assets/Prefabs/CollectItemStep (herb).prefab
  artifactKey: Guid(bafa1fdff5fa1ba48b23b10af6344af6) Importer(815301076,1909f56bfc062723c751e8b465ee728b)
Start importing Assets/Prefabs/CollectItemStep (herb).prefab using Guid(bafa1fdff5fa1ba48b23b10af6344af6) Importer(815301076,1909f56bfc062723c751e8b465ee728b)  -> (artifact id: 'db59cf94969c293b20cb5e26237e97a0') in 0.012927 seconds 
========================================================================
Received Import Request.
  Time since last request: 0.000226 seconds.
  path: Assets/Prefabs/TakeItemStep.prefab
  artifactKey: Guid(27036505cce3f294e812c31e7380c869) Importer(815301076,1909f56bfc062723c751e8b465ee728b)
Start importing Assets/Prefabs/TakeItemStep.prefab using Guid(27036505cce3f294e812c31e7380c869) Importer(815301076,1909f56bfc062723c751e8b465ee728b)  -> (artifact id: '9d605623f4b82e396f559d1cc7ac18c6') in 0.009038 seconds 
========================================================================
Received Import Request.
  Time since last request: 0.000255 seconds.
  path: Assets/Prefabs/KillEnemyStep (hard).prefab
  artifactKey: Guid(395d6d1f36cfa38478e13dd5500b7033) Importer(815301076,1909f56bfc062723c751e8b465ee728b)
Start importing Assets/Prefabs/KillEnemyStep (hard).prefab using Guid(395d6d1f36cfa38478e13dd5500b7033) Importer(815301076,1909f56bfc062723c751e8b465ee728b)  -> (artifact id: 'bd1ce390c3c5e3cb2c3d403df2765fda') in 0.023515 seconds 
========================================================================
Received Import Request.
  Time since last request: 0.000257 seconds.
  path: Assets/Prefabs/GiveItemStep.prefab
  artifactKey: Guid(98f3d47dbcd96fa4bbddcd82b9b1d54f) Importer(815301076,1909f56bfc062723c751e8b465ee728b)
Start importing Assets/Prefabs/GiveItemStep.prefab using Guid(98f3d47dbcd96fa4bbddcd82b9b1d54f) Importer(815301076,1909f56bfc062723c751e8b465ee728b)  -> (artifact id: '9d557439b8604e2de476d86483e46097') in 0.008837 seconds 
========================================================================
Received Import Request.
  Time since last request: 0.000203 seconds.
  path: Assets/Prefabs/initStep (find).prefab
  artifactKey: Guid(46309e2295ea0354a881bafe9084c8b2) Importer(815301076,1909f56bfc062723c751e8b465ee728b)
Start importing Assets/Prefabs/initStep (find).prefab using Guid(46309e2295ea0354a881bafe9084c8b2) Importer(815301076,1909f56bfc062723c751e8b465ee728b)  -> (artifact id: 'ffb981a8b3558af7cb4d12f064f08615') in 0.009959 seconds 
========================================================================
Received Import Request.
  Time since last request: 0.000184 seconds.
  path: Assets/Prefabs/MakeDecisionStep.prefab
  artifactKey: Guid(ebb1126e751c90b4a9c69148b682ff98) Importer(815301076,1909f56bfc062723c751e8b465ee728b)
Start importing Assets/Prefabs/MakeDecisionStep.prefab using Guid(ebb1126e751c90b4a9c69148b682ff98) Importer(815301076,1909f56bfc062723c751e8b465ee728b)  -> (artifact id: '60c63c7e262ab4ab6542038ff2debbaf') in 0.007778 seconds 
========================================================================
Received Import Request.
  Time since last request: 0.000492 seconds.
  path: Assets/Prefabs/CollectItemStep (wood).prefab
  artifactKey: Guid(68b47078195888243998dc05f48d72a9) Importer(815301076,1909f56bfc062723c751e8b465ee728b)
Start importing Assets/Prefabs/CollectItemStep (wood).prefab using Guid(68b47078195888243998dc05f48d72a9) Importer(815301076,1909f56bfc062723c751e8b465ee728b)  -> (artifact id: 'a03cd458577d3a7b304589e44de27bd0') in 0.008386 seconds 
========================================================================
Received Import Request.
  Time since last request: 0.000187 seconds.
  path: Assets/Prefabs/KillEnemyStep (normal).prefab
  artifactKey: Guid(f9988e260baa01c44b219908dd73688e) Importer(815301076,1909f56bfc062723c751e8b465ee728b)
Start importing Assets/Prefabs/KillEnemyStep (normal).prefab using Guid(f9988e260baa01c44b219908dd73688e) Importer(815301076,1909f56bfc062723c751e8b465ee728b)  -> (artifact id: '39c8e5c82583c09a6327428ba16132e1') in 0.017005 seconds 
========================================================================
Received Import Request.
  Time since last request: 0.000231 seconds.
  path: Assets/Prefabs/PerformMagicStep (barrel).prefab
  artifactKey: Guid(68857a4f669c4b64899e626d5ac90d99) Importer(815301076,1909f56bfc062723c751e8b465ee728b)
Start importing Assets/Prefabs/PerformMagicStep (barrel).prefab using Guid(68857a4f669c4b64899e626d5ac90d99) Importer(815301076,1909f56bfc062723c751e8b465ee728b)  -> (artifact id: 'ec0673562faa6d957e817286daaab2a4') in 0.009398 seconds 
========================================================================
Received Import Request.
  Time since last request: 0.000204 seconds.
  path: Assets/Prefabs/PerformMagicStep (wheelbarrow).prefab
  artifactKey: Guid(5a1fe50fa3aad0b4f960a81497ae9c6b) Importer(815301076,1909f56bfc062723c751e8b465ee728b)
Start importing Assets/Prefabs/PerformMagicStep (wheelbarrow).prefab using Guid(5a1fe50fa3aad0b4f960a81497ae9c6b) Importer(815301076,1909f56bfc062723c751e8b465ee728b)  -> (artifact id: '2ba1746a8b831404e28391bc5ef50ed2') in 0.008603 seconds 
========================================================================
Received Import Request.
  Time since last request: 0.000169 seconds.
  path: Assets/Prefabs/marker.prefab
  artifactKey: Guid(4a48b73e6e87e1b40b97b2c2809ec7fb) Importer(815301076,1909f56bfc062723c751e8b465ee728b)
Start importing Assets/Prefabs/marker.prefab using Guid(4a48b73e6e87e1b40b97b2c2809ec7fb) Importer(815301076,1909f56bfc062723c751e8b465ee728b)  -> (artifact id: 'f9c943d70a49c3744b19fb73f3061951') in 0.008455 seconds 
========================================================================
Received Import Request.
  Time since last request: 0.000296 seconds.
  path: Assets/Prefabs/KillEnemyStep (human).prefab
  artifactKey: Guid(df460d3b56cc2b547948edbd17fe780d) Importer(815301076,1909f56bfc062723c751e8b465ee728b)
Start importing Assets/Prefabs/KillEnemyStep (human).prefab using Guid(df460d3b56cc2b547948edbd17fe780d) Importer(815301076,1909f56bfc062723c751e8b465ee728b)  -> (artifact id: 'd935194f749a8e6fc088518e5cda5277') in 0.039243 seconds 
========================================================================
Received Import Request.
  Time since last request: 0.000198 seconds.
  path: Assets/Prefabs/SolveProblemStep.prefab
  artifactKey: Guid(a8787aced3fb46e478c2bd8de626178b) Importer(815301076,1909f56bfc062723c751e8b465ee728b)
Start importing Assets/Prefabs/SolveProblemStep.prefab using Guid(a8787aced3fb46e478c2bd8de626178b) Importer(815301076,1909f56bfc062723c751e8b465ee728b)  -> (artifact id: 'b20d14762ec0d3d9302b059e2f774ab5') in 0.010099 seconds 
========================================================================
Received Import Request.
  Time since last request: 0.000196 seconds.
  path: Assets/Prefabs/initStep (talk).prefab
  artifactKey: Guid(82bca3540a847e2488f7ddb9f57cf266) Importer(815301076,1909f56bfc062723c751e8b465ee728b)
Start importing Assets/Prefabs/initStep (talk).prefab using Guid(82bca3540a847e2488f7ddb9f57cf266) Importer(815301076,1909f56bfc062723c751e8b465ee728b)  -> (artifact id: '9ec21f9dacfcab9e4b9df9035bf2dc95') in 0.008123 seconds 
AssetImportWorkerClient::OnTransportError - code=2 error=End of file
